<?xml version="1.0" encoding="UTF-8"?>
<coverage generated="1684172998792" clover="3.2.0">
  <project timestamp="1684172998792" name="All files">
    <metrics statements="153" coveredstatements="146" conditionals="38" coveredconditionals="29" methods="4" coveredmethods="4" elements="195" coveredelements="179" complexity="0" loc="153" ncloc="153" packages="1" files="2" classes="2"/>
    <file name="index.ts" path="D:\Projectes - shared\et-phone-validator\src\index.ts">
      <metrics statements="106" coveredstatements="99" conditionals="30" coveredconditionals="21" methods="1" coveredmethods="1"/>
      <line num="1" count="1" type="stmt"/>
      <line num="2" count="1" type="stmt"/>
      <line num="3" count="1" type="stmt"/>
      <line num="4" count="1" type="stmt"/>
      <line num="5" count="1" type="stmt"/>
      <line num="6" count="1" type="stmt"/>
      <line num="7" count="1" type="stmt"/>
      <line num="8" count="1" type="stmt"/>
      <line num="9" count="1" type="stmt"/>
      <line num="10" count="1" type="stmt"/>
      <line num="11" count="1" type="stmt"/>
      <line num="12" count="1" type="stmt"/>
      <line num="13" count="26" type="cond" truecount="1" falsecount="0"/>
      <line num="14" count="26" type="stmt"/>
      <line num="15" count="26" type="stmt"/>
      <line num="16" count="26" type="stmt"/>
      <line num="17" count="26" type="stmt"/>
      <line num="18" count="26" type="stmt"/>
      <line num="19" count="26" type="stmt"/>
      <line num="20" count="26" type="stmt"/>
      <line num="21" count="26" type="stmt"/>
      <line num="22" count="26" type="stmt"/>
      <line num="23" count="26" type="stmt"/>
      <line num="24" count="26" type="stmt"/>
      <line num="25" count="26" type="stmt"/>
      <line num="26" count="26" type="stmt"/>
      <line num="27" count="26" type="stmt"/>
      <line num="28" count="26" type="cond" truecount="1" falsecount="0"/>
      <line num="29" count="5" type="cond" truecount="1" falsecount="0"/>
      <line num="30" count="26" type="cond" truecount="1" falsecount="0"/>
      <line num="31" count="5" type="cond" truecount="1" falsecount="0"/>
      <line num="32" count="26" type="stmt"/>
      <line num="33" count="26" type="cond" truecount="1" falsecount="0"/>
      <line num="34" count="5" type="stmt"/>
      <line num="35" count="5" type="stmt"/>
      <line num="36" count="5" type="stmt"/>
      <line num="37" count="5" type="stmt"/>
      <line num="38" count="5" type="stmt"/>
      <line num="39" count="26" type="stmt"/>
      <line num="40" count="21" type="cond" truecount="1" falsecount="0"/>
      <line num="41" count="21" type="cond" truecount="1" falsecount="0"/>
      <line num="42" count="4" type="cond" truecount="0" falsecount="1"/>
      <line num="43" count="21" type="cond" truecount="1" falsecount="0"/>
      <line num="44" count="4" type="cond" truecount="0" falsecount="1"/>
      <line num="45" count="21" type="stmt"/>
      <line num="46" count="21" type="cond" truecount="1" falsecount="0"/>
      <line num="47" count="4" type="stmt"/>
      <line num="48" count="4" type="stmt"/>
      <line num="49" count="4" type="stmt"/>
      <line num="50" count="4" type="stmt"/>
      <line num="51" count="4" type="stmt"/>
      <line num="52" count="21" type="stmt"/>
      <line num="53" count="17" type="cond" truecount="1" falsecount="0"/>
      <line num="54" count="17" type="cond" truecount="1" falsecount="0"/>
      <line num="55" count="1" type="cond" truecount="0" falsecount="1"/>
      <line num="56" count="17" type="cond" truecount="1" falsecount="0"/>
      <line num="57" count="1" type="cond" truecount="0" falsecount="1"/>
      <line num="58" count="17" type="stmt"/>
      <line num="59" count="17" type="cond" truecount="1" falsecount="0"/>
      <line num="60" count="1" type="stmt"/>
      <line num="61" count="1" type="stmt"/>
      <line num="62" count="1" type="stmt"/>
      <line num="63" count="1" type="stmt"/>
      <line num="64" count="1" type="stmt"/>
      <line num="65" count="17" type="stmt"/>
      <line num="66" count="16" type="cond" truecount="1" falsecount="0"/>
      <line num="67" count="16" type="cond" truecount="1" falsecount="0"/>
      <line num="68" count="1" type="cond" truecount="0" falsecount="1"/>
      <line num="69" count="16" type="cond" truecount="1" falsecount="0"/>
      <line num="70" count="1" type="cond" truecount="0" falsecount="1"/>
      <line num="71" count="16" type="stmt"/>
      <line num="72" count="16" type="cond" truecount="1" falsecount="0"/>
      <line num="73" count="1" type="stmt"/>
      <line num="74" count="1" type="stmt"/>
      <line num="75" count="1" type="stmt"/>
      <line num="76" count="1" type="stmt"/>
      <line num="77" count="1" type="stmt"/>
      <line num="78" count="16" type="stmt"/>
      <line num="79" count="15" type="cond" truecount="1" falsecount="0"/>
      <line num="80" count="15" type="cond" truecount="0" falsecount="1"/>
      <line num="81" count="0" type="stmt"/>
      <line num="82" count="15" type="cond" truecount="0" falsecount="1"/>
      <line num="83" count="0" type="stmt"/>
      <line num="84" count="15" type="stmt"/>
      <line num="85" count="15" type="cond" truecount="0" falsecount="1"/>
      <line num="86" count="0" type="stmt"/>
      <line num="87" count="0" type="stmt"/>
      <line num="88" count="0" type="stmt"/>
      <line num="89" count="0" type="stmt"/>
      <line num="90" count="0" type="stmt"/>
      <line num="91" count="15" type="stmt"/>
      <line num="92" count="15" type="cond" truecount="1" falsecount="0"/>
      <line num="93" count="9" type="stmt"/>
      <line num="94" count="9" type="stmt"/>
      <line num="95" count="9" type="stmt"/>
      <line num="96" count="9" type="stmt"/>
      <line num="97" count="9" type="stmt"/>
      <line num="98" count="9" type="stmt"/>
      <line num="99" count="9" type="stmt"/>
      <line num="100" count="9" type="stmt"/>
      <line num="101" count="6" type="cond" truecount="1" falsecount="0"/>
      <line num="102" count="6" type="stmt"/>
      <line num="103" count="6" type="stmt"/>
      <line num="104" count="26" type="stmt"/>
      <line num="105" count="1" type="stmt"/>
      <line num="106" count="1" type="stmt"/>
    </file>
    <file name="util.ts" path="D:\Projectes - shared\et-phone-validator\src\util.ts">
      <metrics statements="47" coveredstatements="47" conditionals="8" coveredconditionals="8" methods="3" coveredmethods="3"/>
      <line num="1" count="26" type="cond" truecount="1" falsecount="0"/>
      <line num="2" count="26" type="stmt"/>
      <line num="3" count="26" type="stmt"/>
      <line num="4" count="1" type="stmt"/>
      <line num="5" count="26" type="cond" truecount="1" falsecount="0"/>
      <line num="6" count="26" type="stmt"/>
      <line num="7" count="26" type="stmt"/>
      <line num="8" count="26" type="stmt"/>
      <line num="9" count="26" type="stmt"/>
      <line num="10" count="26" type="stmt"/>
      <line num="11" count="26" type="stmt"/>
      <line num="12" count="26" type="stmt"/>
      <line num="13" count="26" type="stmt"/>
      <line num="14" count="26" type="stmt"/>
      <line num="15" count="1" type="stmt"/>
      <line num="16" count="1" type="stmt"/>
      <line num="17" count="1" type="stmt"/>
      <line num="18" count="1" type="stmt"/>
      <line num="19" count="1" type="stmt"/>
      <line num="20" count="1" type="stmt"/>
      <line num="21" count="1" type="stmt"/>
      <line num="22" count="1" type="stmt"/>
      <line num="23" count="1" type="stmt"/>
      <line num="24" count="1" type="stmt"/>
      <line num="25" count="1" type="stmt"/>
      <line num="26" count="1" type="stmt"/>
      <line num="27" count="1" type="stmt"/>
      <line num="28" count="1" type="stmt"/>
      <line num="29" count="1" type="stmt"/>
      <line num="30" count="1" type="stmt"/>
      <line num="31" count="1" type="stmt"/>
      <line num="32" count="1" type="stmt"/>
      <line num="33" count="1" type="stmt"/>
      <line num="34" count="15" type="cond" truecount="1" falsecount="0"/>
      <line num="35" count="15" type="stmt"/>
      <line num="36" count="15" type="cond" truecount="1" falsecount="0"/>
      <line num="37" count="135" type="stmt"/>
      <line num="38" count="135" type="cond" truecount="1" falsecount="0"/>
      <line num="39" count="126" type="cond" truecount="1" falsecount="0"/>
      <line num="40" count="126" type="stmt"/>
      <line num="41" count="126" type="stmt"/>
      <line num="42" count="15" type="stmt"/>
      <line num="43" count="15" type="stmt"/>
      <line num="44" count="15" type="cond" truecount="1" falsecount="0"/>
      <line num="45" count="6" type="cond" truecount="1" falsecount="0"/>
      <line num="46" count="6" type="stmt"/>
      <line num="47" count="15" type="stmt"/>
    </file>
  </project>
</coverage>
