{"D:\\Projectes - shared\\et-phone-validator\\src\\index.ts": {"path":"D:\\Projectes - shared\\et-phone-validator\\src\\index.ts","all":false,"statementMap":{"0":{"start":{"line":1,"column":0},"end":{"line":1,"column":3}},"1":{"start":{"line":2,"column":0},"end":{"line":2,"column":81}},"2":{"start":{"line":3,"column":0},"end":{"line":3,"column":2}},"3":{"start":{"line":4,"column":0},"end":{"line":4,"column":42}},"4":{"start":{"line":5,"column":0},"end":{"line":5,"column":121}},"5":{"start":{"line":6,"column":0},"end":{"line":6,"column":94}},"6":{"start":{"line":7,"column":0},"end":{"line":7,"column":123}},"7":{"start":{"line":8,"column":0},"end":{"line":8,"column":3}},"8":{"start":{"line":9,"column":0},"end":{"line":9,"column":3}},"9":{"start":{"line":10,"column":0},"end":{"line":10,"column":0}},"10":{"start":{"line":11,"column":0},"end":{"line":11,"column":126}},"11":{"start":{"line":12,"column":0},"end":{"line":12,"column":0}},"12":{"start":{"line":13,"column":0},"end":{"line":13,"column":17}},"13":{"start":{"line":14,"column":0},"end":{"line":14,"column":25}},"14":{"start":{"line":15,"column":0},"end":{"line":15,"column":98}},"15":{"start":{"line":16,"column":0},"end":{"line":16,"column":65}},"16":{"start":{"line":17,"column":0},"end":{"line":17,"column":3}},"17":{"start":{"line":18,"column":0},"end":{"line":18,"column":50}},"18":{"start":{"line":19,"column":0},"end":{"line":19,"column":52}},"19":{"start":{"line":20,"column":0},"end":{"line":20,"column":43}},"20":{"start":{"line":21,"column":0},"end":{"line":21,"column":2}},"21":{"start":{"line":22,"column":0},"end":{"line":22,"column":54}},"22":{"start":{"line":23,"column":0},"end":{"line":23,"column":45}},"23":{"start":{"line":24,"column":0},"end":{"line":24,"column":47}},"24":{"start":{"line":25,"column":0},"end":{"line":25,"column":51}},"25":{"start":{"line":26,"column":0},"end":{"line":26,"column":0}},"26":{"start":{"line":27,"column":0},"end":{"line":27,"column":6}},"27":{"start":{"line":28,"column":0},"end":{"line":28,"column":54}},"28":{"start":{"line":29,"column":0},"end":{"line":29,"column":31}},"29":{"start":{"line":30,"column":0},"end":{"line":30,"column":30}},"30":{"start":{"line":31,"column":0},"end":{"line":31,"column":67}},"31":{"start":{"line":32,"column":0},"end":{"line":32,"column":3}},"32":{"start":{"line":33,"column":0},"end":{"line":33,"column":12}},"33":{"start":{"line":34,"column":0},"end":{"line":34,"column":20}},"34":{"start":{"line":35,"column":0},"end":{"line":35,"column":37}},"35":{"start":{"line":36,"column":0},"end":{"line":36,"column":32}},"36":{"start":{"line":37,"column":0},"end":{"line":37,"column":26}},"37":{"start":{"line":38,"column":0},"end":{"line":38,"column":23}},"38":{"start":{"line":39,"column":0},"end":{"line":39,"column":6}},"39":{"start":{"line":40,"column":0},"end":{"line":40,"column":11}},"40":{"start":{"line":41,"column":0},"end":{"line":41,"column":51}},"41":{"start":{"line":42,"column":0},"end":{"line":42,"column":31}},"42":{"start":{"line":43,"column":0},"end":{"line":43,"column":30}},"43":{"start":{"line":44,"column":0},"end":{"line":44,"column":64}},"44":{"start":{"line":45,"column":0},"end":{"line":45,"column":3}},"45":{"start":{"line":46,"column":0},"end":{"line":46,"column":12}},"46":{"start":{"line":47,"column":0},"end":{"line":47,"column":20}},"47":{"start":{"line":48,"column":0},"end":{"line":48,"column":37}},"48":{"start":{"line":49,"column":0},"end":{"line":49,"column":28}},"49":{"start":{"line":50,"column":0},"end":{"line":50,"column":26}},"50":{"start":{"line":51,"column":0},"end":{"line":51,"column":23}},"51":{"start":{"line":52,"column":0},"end":{"line":52,"column":6}},"52":{"start":{"line":53,"column":0},"end":{"line":53,"column":11}},"53":{"start":{"line":54,"column":0},"end":{"line":54,"column":46}},"54":{"start":{"line":55,"column":0},"end":{"line":55,"column":32}},"55":{"start":{"line":56,"column":0},"end":{"line":56,"column":30}},"56":{"start":{"line":57,"column":0},"end":{"line":57,"column":67}},"57":{"start":{"line":58,"column":0},"end":{"line":58,"column":3}},"58":{"start":{"line":59,"column":0},"end":{"line":59,"column":12}},"59":{"start":{"line":60,"column":0},"end":{"line":60,"column":20}},"60":{"start":{"line":61,"column":0},"end":{"line":61,"column":28}},"61":{"start":{"line":62,"column":0},"end":{"line":62,"column":32}},"62":{"start":{"line":63,"column":0},"end":{"line":63,"column":27}},"63":{"start":{"line":64,"column":0},"end":{"line":64,"column":23}},"64":{"start":{"line":65,"column":0},"end":{"line":65,"column":6}},"65":{"start":{"line":66,"column":0},"end":{"line":66,"column":11}},"66":{"start":{"line":67,"column":0},"end":{"line":67,"column":48}},"67":{"start":{"line":68,"column":0},"end":{"line":68,"column":34}},"68":{"start":{"line":69,"column":0},"end":{"line":69,"column":30}},"69":{"start":{"line":70,"column":0},"end":{"line":70,"column":67}},"70":{"start":{"line":71,"column":0},"end":{"line":71,"column":3}},"71":{"start":{"line":72,"column":0},"end":{"line":72,"column":12}},"72":{"start":{"line":73,"column":0},"end":{"line":73,"column":20}},"73":{"start":{"line":74,"column":0},"end":{"line":74,"column":28}},"74":{"start":{"line":75,"column":0},"end":{"line":75,"column":32}},"75":{"start":{"line":76,"column":0},"end":{"line":76,"column":30}},"76":{"start":{"line":77,"column":0},"end":{"line":77,"column":23}},"77":{"start":{"line":78,"column":0},"end":{"line":78,"column":6}},"78":{"start":{"line":79,"column":0},"end":{"line":79,"column":11}},"79":{"start":{"line":80,"column":0},"end":{"line":80,"column":48}},"80":{"start":{"line":81,"column":0},"end":{"line":81,"column":34}},"81":{"start":{"line":82,"column":0},"end":{"line":82,"column":30}},"82":{"start":{"line":83,"column":0},"end":{"line":83,"column":67}},"83":{"start":{"line":84,"column":0},"end":{"line":84,"column":3}},"84":{"start":{"line":85,"column":0},"end":{"line":85,"column":12}},"85":{"start":{"line":86,"column":0},"end":{"line":86,"column":20}},"86":{"start":{"line":87,"column":0},"end":{"line":87,"column":28}},"87":{"start":{"line":88,"column":0},"end":{"line":88,"column":32}},"88":{"start":{"line":89,"column":0},"end":{"line":89,"column":30}},"89":{"start":{"line":90,"column":0},"end":{"line":90,"column":23}},"90":{"start":{"line":91,"column":0},"end":{"line":91,"column":6}},"91":{"start":{"line":92,"column":0},"end":{"line":92,"column":87}},"92":{"start":{"line":93,"column":0},"end":{"line":93,"column":12}},"93":{"start":{"line":94,"column":0},"end":{"line":94,"column":20}},"94":{"start":{"line":95,"column":0},"end":{"line":95,"column":37}},"95":{"start":{"line":96,"column":0},"end":{"line":96,"column":32}},"96":{"start":{"line":97,"column":0},"end":{"line":97,"column":30}},"97":{"start":{"line":98,"column":0},"end":{"line":98,"column":23}},"98":{"start":{"line":99,"column":0},"end":{"line":99,"column":6}},"99":{"start":{"line":100,"column":0},"end":{"line":100,"column":3}},"100":{"start":{"line":101,"column":0},"end":{"line":101,"column":8}},"101":{"start":{"line":102,"column":0},"end":{"line":102,"column":30}},"102":{"start":{"line":103,"column":0},"end":{"line":103,"column":3}},"103":{"start":{"line":104,"column":0},"end":{"line":104,"column":1}},"104":{"start":{"line":105,"column":0},"end":{"line":105,"column":0}},"105":{"start":{"line":106,"column":0},"end":{"line":106,"column":23}}},"s":{"0":1,"1":1,"2":1,"3":1,"4":1,"5":1,"6":1,"7":1,"8":1,"9":1,"10":1,"11":1,"12":26,"13":26,"14":26,"15":26,"16":26,"17":26,"18":26,"19":26,"20":26,"21":26,"22":26,"23":26,"24":26,"25":26,"26":26,"27":26,"28":5,"29":26,"30":5,"31":26,"32":26,"33":5,"34":5,"35":5,"36":5,"37":5,"38":26,"39":21,"40":21,"41":4,"42":21,"43":4,"44":21,"45":21,"46":4,"47":4,"48":4,"49":4,"50":4,"51":21,"52":17,"53":17,"54":1,"55":17,"56":1,"57":17,"58":17,"59":1,"60":1,"61":1,"62":1,"63":1,"64":17,"65":16,"66":16,"67":1,"68":16,"69":1,"70":16,"71":16,"72":1,"73":1,"74":1,"75":1,"76":1,"77":16,"78":15,"79":15,"80":0,"81":15,"82":0,"83":15,"84":15,"85":0,"86":0,"87":0,"88":0,"89":0,"90":15,"91":15,"92":9,"93":9,"94":9,"95":9,"96":9,"97":9,"98":9,"99":9,"100":6,"101":6,"102":6,"103":26,"104":1,"105":1},"branchMap":{"0":{"type":"branch","line":13,"loc":{"start":{"line":13,"column":0},"end":{"line":104,"column":1}},"locations":[{"start":{"line":13,"column":0},"end":{"line":104,"column":1}}]},"1":{"type":"branch","line":28,"loc":{"start":{"line":28,"column":51},"end":{"line":30,"column":27}},"locations":[{"start":{"line":28,"column":51},"end":{"line":30,"column":27}}]},"2":{"type":"branch","line":29,"loc":{"start":{"line":29,"column":28},"end":{"line":30,"column":26}},"locations":[{"start":{"line":29,"column":28},"end":{"line":30,"column":26}}]},"3":{"type":"branch","line":30,"loc":{"start":{"line":30,"column":27},"end":{"line":31,"column":67}},"locations":[{"start":{"line":30,"column":27},"end":{"line":31,"column":67}}]},"4":{"type":"branch","line":31,"loc":{"start":{"line":31,"column":29},"end":{"line":31,"column":66}},"locations":[{"start":{"line":31,"column":29},"end":{"line":31,"column":66}}]},"5":{"type":"branch","line":33,"loc":{"start":{"line":33,"column":4},"end":{"line":38,"column":23}},"locations":[{"start":{"line":33,"column":4},"end":{"line":38,"column":23}}]},"6":{"type":"branch","line":40,"loc":{"start":{"line":40,"column":-2},"end":{"line":103,"column":3}},"locations":[{"start":{"line":40,"column":-2},"end":{"line":103,"column":3}}]},"7":{"type":"branch","line":41,"loc":{"start":{"line":41,"column":48},"end":{"line":43,"column":27}},"locations":[{"start":{"line":41,"column":48},"end":{"line":43,"column":27}}]},"8":{"type":"branch","line":42,"loc":{"start":{"line":42,"column":28},"end":{"line":43,"column":26}},"locations":[{"start":{"line":42,"column":28},"end":{"line":43,"column":26}}]},"9":{"type":"branch","line":43,"loc":{"start":{"line":43,"column":27},"end":{"line":44,"column":64}},"locations":[{"start":{"line":43,"column":27},"end":{"line":44,"column":64}}]},"10":{"type":"branch","line":44,"loc":{"start":{"line":44,"column":29},"end":{"line":44,"column":63}},"locations":[{"start":{"line":44,"column":29},"end":{"line":44,"column":63}}]},"11":{"type":"branch","line":46,"loc":{"start":{"line":46,"column":4},"end":{"line":51,"column":23}},"locations":[{"start":{"line":46,"column":4},"end":{"line":51,"column":23}}]},"12":{"type":"branch","line":53,"loc":{"start":{"line":53,"column":-2},"end":{"line":103,"column":3}},"locations":[{"start":{"line":53,"column":-2},"end":{"line":103,"column":3}}]},"13":{"type":"branch","line":54,"loc":{"start":{"line":54,"column":43},"end":{"line":56,"column":27}},"locations":[{"start":{"line":54,"column":43},"end":{"line":56,"column":27}}]},"14":{"type":"branch","line":55,"loc":{"start":{"line":55,"column":29},"end":{"line":56,"column":26}},"locations":[{"start":{"line":55,"column":29},"end":{"line":56,"column":26}}]},"15":{"type":"branch","line":56,"loc":{"start":{"line":56,"column":27},"end":{"line":57,"column":67}},"locations":[{"start":{"line":56,"column":27},"end":{"line":57,"column":67}}]},"16":{"type":"branch","line":57,"loc":{"start":{"line":57,"column":29},"end":{"line":57,"column":66}},"locations":[{"start":{"line":57,"column":29},"end":{"line":57,"column":66}}]},"17":{"type":"branch","line":59,"loc":{"start":{"line":59,"column":4},"end":{"line":64,"column":23}},"locations":[{"start":{"line":59,"column":4},"end":{"line":64,"column":23}}]},"18":{"type":"branch","line":66,"loc":{"start":{"line":66,"column":-2},"end":{"line":103,"column":3}},"locations":[{"start":{"line":66,"column":-2},"end":{"line":103,"column":3}}]},"19":{"type":"branch","line":67,"loc":{"start":{"line":67,"column":45},"end":{"line":69,"column":27}},"locations":[{"start":{"line":67,"column":45},"end":{"line":69,"column":27}}]},"20":{"type":"branch","line":68,"loc":{"start":{"line":68,"column":31},"end":{"line":69,"column":26}},"locations":[{"start":{"line":68,"column":31},"end":{"line":69,"column":26}}]},"21":{"type":"branch","line":69,"loc":{"start":{"line":69,"column":27},"end":{"line":70,"column":67}},"locations":[{"start":{"line":69,"column":27},"end":{"line":70,"column":67}}]},"22":{"type":"branch","line":70,"loc":{"start":{"line":70,"column":29},"end":{"line":70,"column":66}},"locations":[{"start":{"line":70,"column":29},"end":{"line":70,"column":66}}]},"23":{"type":"branch","line":72,"loc":{"start":{"line":72,"column":4},"end":{"line":77,"column":23}},"locations":[{"start":{"line":72,"column":4},"end":{"line":77,"column":23}}]},"24":{"type":"branch","line":79,"loc":{"start":{"line":79,"column":-2},"end":{"line":103,"column":3}},"locations":[{"start":{"line":79,"column":-2},"end":{"line":103,"column":3}}]},"25":{"type":"branch","line":80,"loc":{"start":{"line":80,"column":45},"end":{"line":82,"column":27}},"locations":[{"start":{"line":80,"column":45},"end":{"line":82,"column":27}}]},"26":{"type":"branch","line":82,"loc":{"start":{"line":82,"column":27},"end":{"line":83,"column":67}},"locations":[{"start":{"line":82,"column":27},"end":{"line":83,"column":67}}]},"27":{"type":"branch","line":85,"loc":{"start":{"line":85,"column":4},"end":{"line":90,"column":23}},"locations":[{"start":{"line":85,"column":4},"end":{"line":90,"column":23}}]},"28":{"type":"branch","line":92,"loc":{"start":{"line":92,"column":86},"end":{"line":100,"column":3}},"locations":[{"start":{"line":92,"column":86},"end":{"line":100,"column":3}}]},"29":{"type":"branch","line":101,"loc":{"start":{"line":101,"column":-2},"end":{"line":103,"column":3}},"locations":[{"start":{"line":101,"column":-2},"end":{"line":103,"column":3}}]}},"b":{"0":[26],"1":[5],"2":[1],"3":[5],"4":[1],"5":[5],"6":[21],"7":[4],"8":[0],"9":[4],"10":[0],"11":[4],"12":[17],"13":[1],"14":[0],"15":[1],"16":[0],"17":[1],"18":[16],"19":[1],"20":[0],"21":[1],"22":[0],"23":[1],"24":[15],"25":[0],"26":[0],"27":[0],"28":[9],"29":[6]},"fnMap":{"0":{"name":"etPhone","decl":{"start":{"line":13,"column":0},"end":{"line":104,"column":1}},"loc":{"start":{"line":13,"column":0},"end":{"line":104,"column":1}},"line":13}},"f":{"0":26}}
,"D:\\Projectes - shared\\et-phone-validator\\src\\util.ts": {"path":"D:\\Projectes - shared\\et-phone-validator\\src\\util.ts","all":false,"statementMap":{"0":{"start":{"line":1,"column":0},"end":{"line":1,"column":56}},"1":{"start":{"line":2,"column":0},"end":{"line":2,"column":87}},"2":{"start":{"line":3,"column":0},"end":{"line":3,"column":1}},"3":{"start":{"line":4,"column":0},"end":{"line":4,"column":0}},"4":{"start":{"line":5,"column":0},"end":{"line":5,"column":46}},"5":{"start":{"line":6,"column":0},"end":{"line":6,"column":25}},"6":{"start":{"line":7,"column":0},"end":{"line":7,"column":13}},"7":{"start":{"line":8,"column":0},"end":{"line":8,"column":15}},"8":{"start":{"line":9,"column":0},"end":{"line":9,"column":13}},"9":{"start":{"line":10,"column":0},"end":{"line":10,"column":15}},"10":{"start":{"line":11,"column":0},"end":{"line":11,"column":13}},"11":{"start":{"line":12,"column":0},"end":{"line":12,"column":15}},"12":{"start":{"line":13,"column":0},"end":{"line":13,"column":14}},"13":{"start":{"line":14,"column":0},"end":{"line":14,"column":1}},"14":{"start":{"line":15,"column":0},"end":{"line":15,"column":0}},"15":{"start":{"line":16,"column":0},"end":{"line":16,"column":43}},"16":{"start":{"line":17,"column":0},"end":{"line":17,"column":185}},"17":{"start":{"line":18,"column":0},"end":{"line":18,"column":64}},"18":{"start":{"line":19,"column":0},"end":{"line":19,"column":72}},"19":{"start":{"line":20,"column":0},"end":{"line":20,"column":93}},"20":{"start":{"line":21,"column":0},"end":{"line":21,"column":63}},"21":{"start":{"line":22,"column":0},"end":{"line":22,"column":52}},"22":{"start":{"line":23,"column":0},"end":{"line":23,"column":199}},"23":{"start":{"line":24,"column":0},"end":{"line":24,"column":76}},"24":{"start":{"line":25,"column":0},"end":{"line":25,"column":360}},"25":{"start":{"line":26,"column":0},"end":{"line":26,"column":1}},"26":{"start":{"line":27,"column":0},"end":{"line":27,"column":0}},"27":{"start":{"line":28,"column":0},"end":{"line":28,"column":31}},"28":{"start":{"line":29,"column":0},"end":{"line":29,"column":20}},"29":{"start":{"line":30,"column":0},"end":{"line":30,"column":21}},"30":{"start":{"line":31,"column":0},"end":{"line":31,"column":21}},"31":{"start":{"line":32,"column":0},"end":{"line":32,"column":1}},"32":{"start":{"line":33,"column":0},"end":{"line":33,"column":0}},"33":{"start":{"line":34,"column":0},"end":{"line":34,"column":71}},"34":{"start":{"line":35,"column":0},"end":{"line":35,"column":19}},"35":{"start":{"line":36,"column":0},"end":{"line":36,"column":38}},"36":{"start":{"line":37,"column":0},"end":{"line":37,"column":28}},"37":{"start":{"line":38,"column":0},"end":{"line":38,"column":18}},"38":{"start":{"line":39,"column":0},"end":{"line":39,"column":10}},"39":{"start":{"line":40,"column":0},"end":{"line":40,"column":19}},"40":{"start":{"line":41,"column":0},"end":{"line":41,"column":5}},"41":{"start":{"line":42,"column":0},"end":{"line":42,"column":5}},"42":{"start":{"line":43,"column":0},"end":{"line":43,"column":12}},"43":{"start":{"line":44,"column":0},"end":{"line":44,"column":15}},"44":{"start":{"line":45,"column":0},"end":{"line":45,"column":6}},"45":{"start":{"line":46,"column":0},"end":{"line":46,"column":16}},"46":{"start":{"line":47,"column":0},"end":{"line":47,"column":1}}},"s":{"0":26,"1":26,"2":26,"3":1,"4":26,"5":26,"6":26,"7":26,"8":26,"9":26,"10":26,"11":26,"12":26,"13":26,"14":1,"15":1,"16":1,"17":1,"18":1,"19":1,"20":1,"21":1,"22":1,"23":1,"24":1,"25":1,"26":1,"27":1,"28":1,"29":1,"30":1,"31":1,"32":1,"33":15,"34":15,"35":15,"36":135,"37":135,"38":126,"39":126,"40":126,"41":15,"42":15,"43":15,"44":6,"45":6,"46":15},"branchMap":{"0":{"type":"branch","line":1,"loc":{"start":{"line":1,"column":0},"end":{"line":3,"column":1}},"locations":[{"start":{"line":1,"column":0},"end":{"line":3,"column":1}}]},"1":{"type":"branch","line":5,"loc":{"start":{"line":5,"column":0},"end":{"line":14,"column":1}},"locations":[{"start":{"line":5,"column":0},"end":{"line":14,"column":1}}]},"2":{"type":"branch","line":34,"loc":{"start":{"line":34,"column":0},"end":{"line":47,"column":1}},"locations":[{"start":{"line":34,"column":0},"end":{"line":47,"column":1}}]},"3":{"type":"branch","line":44,"loc":{"start":{"line":44,"column":4},"end":{"line":44,"column":15}},"locations":[{"start":{"line":44,"column":4},"end":{"line":44,"column":15}}]},"4":{"type":"branch","line":45,"loc":{"start":{"line":45,"column":-2},"end":{"line":46,"column":16}},"locations":[{"start":{"line":45,"column":-2},"end":{"line":46,"column":16}}]},"5":{"type":"branch","line":36,"loc":{"start":{"line":36,"column":19},"end":{"line":42,"column":3}},"locations":[{"start":{"line":36,"column":19},"end":{"line":42,"column":3}}]},"6":{"type":"branch","line":38,"loc":{"start":{"line":38,"column":6},"end":{"line":38,"column":18}},"locations":[{"start":{"line":38,"column":6},"end":{"line":38,"column":18}}]},"7":{"type":"branch","line":39,"loc":{"start":{"line":39,"column":-2},"end":{"line":41,"column":5}},"locations":[{"start":{"line":39,"column":-2},"end":{"line":41,"column":5}}]}},"b":{"0":[26],"1":[26],"2":[15],"3":[9],"4":[6],"5":[135],"6":[9],"7":[126]},"fnMap":{"0":{"name":"addCountryCode","decl":{"start":{"line":1,"column":0},"end":{"line":3,"column":1}},"loc":{"start":{"line":1,"column":0},"end":{"line":3,"column":1}},"line":1},"1":{"name":"extractNumber","decl":{"start":{"line":5,"column":0},"end":{"line":14,"column":1}},"loc":{"start":{"line":5,"column":0},"end":{"line":14,"column":1}},"line":5},"2":{"name":"checkEthioTelecomFixedLine","decl":{"start":{"line":34,"column":0},"end":{"line":47,"column":1}},"loc":{"start":{"line":34,"column":0},"end":{"line":47,"column":1}},"line":34}},"f":{"0":26,"1":26,"2":15}}
}
