TN:
SF:src\index.ts
FN:13,etPhone
FNF:1
FNH:1
FNDA:26,etPhone
DA:1,1
DA:2,1
DA:3,1
DA:4,1
DA:5,1
DA:6,1
DA:7,1
DA:8,1
DA:9,1
DA:10,1
DA:11,1
DA:12,1
DA:13,26
DA:14,26
DA:15,26
DA:16,26
DA:17,26
DA:18,26
DA:19,26
DA:20,26
DA:21,26
DA:22,26
DA:23,26
DA:24,26
DA:25,26
DA:26,26
DA:27,26
DA:28,26
DA:29,5
DA:30,26
DA:31,5
DA:32,26
DA:33,26
DA:34,5
DA:35,5
DA:36,5
DA:37,5
DA:38,5
DA:39,26
DA:40,21
DA:41,21
DA:42,4
DA:43,21
DA:44,4
DA:45,21
DA:46,21
DA:47,4
DA:48,4
DA:49,4
DA:50,4
DA:51,4
DA:52,21
DA:53,17
DA:54,17
DA:55,1
DA:56,17
DA:57,1
DA:58,17
DA:59,17
DA:60,1
DA:61,1
DA:62,1
DA:63,1
DA:64,1
DA:65,17
DA:66,16
DA:67,16
DA:68,1
DA:69,16
DA:70,1
DA:71,16
DA:72,16
DA:73,1
DA:74,1
DA:75,1
DA:76,1
DA:77,1
DA:78,16
DA:79,15
DA:80,15
DA:81,0
DA:82,15
DA:83,0
DA:84,15
DA:85,15
DA:86,0
DA:87,0
DA:88,0
DA:89,0
DA:90,0
DA:91,15
DA:92,15
DA:93,9
DA:94,9
DA:95,9
DA:96,9
DA:97,9
DA:98,9
DA:99,9
DA:100,9
DA:101,6
DA:102,6
DA:103,6
DA:104,26
DA:105,1
DA:106,1
LF:106
LH:99
BRDA:13,0,0,26
BRDA:28,1,0,5
BRDA:29,2,0,1
BRDA:30,3,0,5
BRDA:31,4,0,1
BRDA:33,5,0,5
BRDA:40,6,0,21
BRDA:41,7,0,4
BRDA:42,8,0,0
BRDA:43,9,0,4
BRDA:44,10,0,0
BRDA:46,11,0,4
BRDA:53,12,0,17
BRDA:54,13,0,1
BRDA:55,14,0,0
BRDA:56,15,0,1
BRDA:57,16,0,0
BRDA:59,17,0,1
BRDA:66,18,0,16
BRDA:67,19,0,1
BRDA:68,20,0,0
BRDA:69,21,0,1
BRDA:70,22,0,0
BRDA:72,23,0,1
BRDA:79,24,0,15
BRDA:80,25,0,0
BRDA:82,26,0,0
BRDA:85,27,0,0
BRDA:92,28,0,9
BRDA:101,29,0,6
BRF:30
BRH:21
end_of_record
TN:
SF:src\util.ts
FN:1,addCountryCode
FN:5,extractNumber
FN:34,checkEthioTelecomFixedLine
FNF:3
FNH:3
FNDA:26,addCountryCode
FNDA:26,extractNumber
FNDA:15,checkEthioTelecomFixedLine
DA:1,26
DA:2,26
DA:3,26
DA:4,1
DA:5,26
DA:6,26
DA:7,26
DA:8,26
DA:9,26
DA:10,26
DA:11,26
DA:12,26
DA:13,26
DA:14,26
DA:15,1
DA:16,1
DA:17,1
DA:18,1
DA:19,1
DA:20,1
DA:21,1
DA:22,1
DA:23,1
DA:24,1
DA:25,1
DA:26,1
DA:27,1
DA:28,1
DA:29,1
DA:30,1
DA:31,1
DA:32,1
DA:33,1
DA:34,15
DA:35,15
DA:36,15
DA:37,135
DA:38,135
DA:39,126
DA:40,126
DA:41,126
DA:42,15
DA:43,15
DA:44,15
DA:45,6
DA:46,6
DA:47,15
LF:47
LH:47
BRDA:1,0,0,26
BRDA:5,1,0,26
BRDA:34,2,0,15
BRDA:44,3,0,9
BRDA:45,4,0,6
BRDA:36,5,0,135
BRDA:38,6,0,9
BRDA:39,7,0,126
BRF:8
BRH:8
end_of_record
